<?xml version="1.0" encoding="UTF-8"?>
<coverage generated="1752585477789" clover="3.2.0">
  <project timestamp="1752585477789" name="All files">
    <metrics statements="124" coveredstatements="118" conditionals="66" coveredconditionals="61" methods="35" coveredmethods="34" elements="225" coveredelements="213" complexity="0" loc="124" ncloc="124" packages="1" files="1" classes="1"/>
    <file name="profanityChecker.ts" path="/Users/victor/Documents/Apps/Nodejs/profanity-nsfw-violence-checker/src/profanityChecker.ts">
      <metrics statements="124" coveredstatements="118" conditionals="66" coveredconditionals="61" methods="35" coveredmethods="34"/>
      <line num="1" count="1" type="stmt"/>
      <line num="5" count="46" type="stmt"/>
      <line num="6" count="46" type="stmt"/>
      <line num="7" count="46" type="stmt"/>
      <line num="8" count="46" type="stmt"/>
      <line num="9" count="46" type="stmt"/>
      <line num="13" count="46" type="stmt"/>
      <line num="27" count="46" type="stmt"/>
      <line num="32" count="46" type="stmt"/>
      <line num="33" count="46" type="stmt"/>
      <line num="34" count="46" type="stmt"/>
      <line num="35" count="46" type="stmt"/>
      <line num="36" count="46" type="cond" truecount="1" falsecount="1"/>
      <line num="39" count="46" type="cond" truecount="2" falsecount="0"/>
      <line num="40" count="1" type="stmt"/>
      <line num="42" count="46" type="cond" truecount="2" falsecount="0"/>
      <line num="43" count="1" type="stmt"/>
      <line num="45" count="46" type="cond" truecount="2" falsecount="0"/>
      <line num="46" count="1" type="stmt"/>
      <line num="48" count="46" type="cond" truecount="2" falsecount="0"/>
      <line num="49" count="1" type="stmt"/>
      <line num="54" count="184" type="stmt"/>
      <line num="55" count="184" type="stmt"/>
      <line num="56" count="184" type="cond" truecount="1" falsecount="1"/>
      <line num="57" count="184" type="stmt"/>
      <line num="58" count="33028" type="cond" truecount="1" falsecount="1"/>
      <line num="59" count="0" type="stmt"/>
      <line num="61" count="33028" type="cond" truecount="1" falsecount="1"/>
      <line num="64" count="0" type="stmt"/>
      <line num="66" count="0" type="stmt"/>
      <line num="67" count="0" type="stmt"/>
      <line num="72" count="52" type="cond" truecount="1" falsecount="1"/>
      <line num="73" count="0" type="stmt"/>
      <line num="76" count="52" type="stmt"/>
      <line num="79" count="52" type="stmt"/>
      <line num="85" count="52" type="stmt"/>
      <line num="86" count="728" type="stmt"/>
      <line num="90" count="52" type="stmt"/>
      <line num="92" count="52" type="stmt"/>
      <line num="96" count="52" type="stmt"/>
      <line num="97" count="52" type="stmt"/>
      <line num="98" count="52" type="stmt"/>
      <line num="100" count="52" type="stmt"/>
      <line num="107" count="52" type="stmt"/>
      <line num="108" count="208" type="stmt"/>
      <line num="110" count="37355" type="cond" truecount="4" falsecount="0"/>
      <line num="111" count="257" type="stmt"/>
      <line num="115" count="37098" type="stmt"/>
      <line num="120" count="37098" type="stmt"/>
      <line num="122" count="74196" type="cond" truecount="2" falsecount="0"/>
      <line num="131" count="74196" type="stmt"/>
      <line num="133" count="149820" type="stmt"/>
      <line num="134" count="149820" type="stmt"/>
      <line num="135" count="111" type="stmt"/>
      <line num="136" count="111" type="stmt"/>
      <line num="139" count="111" type="stmt"/>
      <line num="140" count="89" type="cond" truecount="2" falsecount="0"/>
      <line num="143" count="111" type="cond" truecount="2" falsecount="0"/>
      <line num="144" count="32" type="stmt"/>
      <line num="157" count="52" type="stmt"/>
      <line num="161" count="149836" type="stmt"/>
      <line num="165" count="111" type="stmt"/>
      <line num="166" count="111" type="stmt"/>
      <line num="167" count="111" type="stmt"/>
      <line num="171" count="30" type="stmt"/>
      <line num="178" count="30" type="cond" truecount="2" falsecount="0"/>
      <line num="179" count="27" type="cond" truecount="2" falsecount="0"/>
      <line num="180" count="17" type="stmt"/>
      <line num="188" count="33" type="cond" truecount="4" falsecount="0"/>
      <line num="190" count="33" type="cond" truecount="2" falsecount="0"/>
      <line num="191" count="3" type="stmt"/>
      <line num="203" count="30" type="stmt"/>
      <line num="205" count="30" type="stmt"/>
      <line num="206" count="30" type="stmt"/>
      <line num="207" count="30" type="stmt"/>
      <line num="208" count="30" type="stmt"/>
      <line num="210" count="30" type="stmt"/>
      <line num="226" count="25" type="cond" truecount="4" falsecount="0"/>
      <line num="227" count="3" type="cond" truecount="2" falsecount="0"/>
      <line num="230" count="22" type="stmt"/>
      <line num="231" count="22" type="stmt"/>
      <line num="234" count="22" type="stmt"/>
      <line num="240" count="10" type="stmt"/>
      <line num="241" count="10" type="stmt"/>
      <line num="242" count="0" type="stmt"/>
      <line num="244" count="22" type="stmt"/>
      <line num="246" count="8" type="stmt"/>
      <line num="251" count="8" type="stmt"/>
      <line num="252" count="16" type="stmt"/>
      <line num="253" count="16" type="stmt"/>
      <line num="257" count="22" type="stmt"/>
      <line num="264" count="6" type="cond" truecount="4" falsecount="0"/>
      <line num="265" count="3" type="cond" truecount="2" falsecount="0"/>
      <line num="268" count="3" type="stmt"/>
      <line num="271" count="3" type="stmt"/>
      <line num="272" count="31" type="stmt"/>
      <line num="274" count="16" type="stmt"/>
      <line num="275" count="16" type="stmt"/>
      <line num="276" count="16" type="cond" truecount="2" falsecount="0"/>
      <line num="277" count="3" type="stmt"/>
      <line num="281" count="3" type="stmt"/>
      <line num="288" count="25" type="stmt"/>
      <line num="290" count="23" type="cond" truecount="4" falsecount="0"/>
      <line num="292" count="14" type="stmt"/>
      <line num="293" count="14" type="stmt"/>
      <line num="295" count="3" type="stmt"/>
      <line num="296" count="3" type="stmt"/>
      <line num="298" count="4" type="stmt"/>
      <line num="299" count="4" type="stmt"/>
      <line num="301" count="2" type="stmt"/>
      <line num="302" count="2" type="stmt"/>
      <line num="310" count="6" type="stmt"/>
      <line num="312" count="6" type="cond" truecount="4" falsecount="0"/>
      <line num="314" count="729" type="stmt"/>
      <line num="315" count="3" type="stmt"/>
      <line num="317" count="154" type="stmt"/>
      <line num="318" count="1" type="stmt"/>
      <line num="320" count="132" type="stmt"/>
      <line num="321" count="1" type="stmt"/>
      <line num="323" count="193" type="stmt"/>
      <line num="324" count="1" type="stmt"/>
      <line num="332" count="4" type="stmt"/>
      <line num="346" count="11" type="stmt"/>
      <line num="357" count="1" type="stmt"/>
    </file>
  </project>
</coverage>
