{"/Users/victor/Documents/Apps/Nodejs/profanity-nsfw-violence-checker/src/profanityChecker.ts": {"path":"/Users/victor/Documents/Apps/Nodejs/profanity-nsfw-violence-checker/src/profanityChecker.ts","statementMap":{"0":{"start":{"line":1,"column":0},"end":{"line":1,"column":35}},"1":{"start":{"line":5,"column":10},"end":{"line":5,"column":87}},"2":{"start":{"line":6,"column":10},"end":{"line":6,"column":84}},"3":{"start":{"line":7,"column":10},"end":{"line":7,"column":86}},"4":{"start":{"line":8,"column":10},"end":{"line":8,"column":88}},"5":{"start":{"line":9,"column":10},"end":{"line":9,"column":35}},"6":{"start":{"line":13,"column":4},"end":{"line":25,"column":6}},"7":{"start":{"line":27,"column":4},"end":{"line":27,"column":28}},"8":{"start":{"line":32,"column":4},"end":{"line":32,"column":68}},"9":{"start":{"line":33,"column":4},"end":{"line":33,"column":62}},"10":{"start":{"line":34,"column":4},"end":{"line":34,"column":66}},"11":{"start":{"line":35,"column":4},"end":{"line":35,"column":70}},"12":{"start":{"line":36,"column":4},"end":{"line":36,"column":66}},"13":{"start":{"line":39,"column":4},"end":{"line":41,"column":5}},"14":{"start":{"line":40,"column":6},"end":{"line":40,"column":122}},"15":{"start":{"line":40,"column":81},"end":{"line":40,"column":118}},"16":{"start":{"line":42,"column":4},"end":{"line":44,"column":5}},"17":{"start":{"line":43,"column":6},"end":{"line":43,"column":116}},"18":{"start":{"line":43,"column":75},"end":{"line":43,"column":112}},"19":{"start":{"line":45,"column":4},"end":{"line":47,"column":5}},"20":{"start":{"line":46,"column":6},"end":{"line":46,"column":118}},"21":{"start":{"line":46,"column":79},"end":{"line":46,"column":114}},"22":{"start":{"line":48,"column":4},"end":{"line":50,"column":5}},"23":{"start":{"line":49,"column":6},"end":{"line":49,"column":122}},"24":{"start":{"line":49,"column":83},"end":{"line":49,"column":118}},"25":{"start":{"line":54,"column":4},"end":{"line":68,"column":5}},"26":{"start":{"line":55,"column":19},"end":{"line":55,"column":32}},"27":{"start":{"line":56,"column":6},"end":{"line":63,"column":7}},"28":{"start":{"line":57,"column":8},"end":{"line":62,"column":11}},"29":{"start":{"line":58,"column":10},"end":{"line":60,"column":11}},"30":{"start":{"line":59,"column":12},"end":{"line":59,"column":63}},"31":{"start":{"line":61,"column":10},"end":{"line":61,"column":74}},"32":{"start":{"line":64,"column":6},"end":{"line":64,"column":16}},"33":{"start":{"line":66,"column":6},"end":{"line":66,"column":68}},"34":{"start":{"line":67,"column":6},"end":{"line":67,"column":16}},"35":{"start":{"line":72,"column":4},"end":{"line":74,"column":5}},"36":{"start":{"line":73,"column":6},"end":{"line":73,"column":16}},"37":{"start":{"line":76,"column":21},"end":{"line":76,"column":39}},"38":{"start":{"line":79,"column":53},"end":{"line":83,"column":6}},"39":{"start":{"line":85,"column":4},"end":{"line":87,"column":5}},"40":{"start":{"line":86,"column":6},"end":{"line":86,"column":73}},"41":{"start":{"line":90,"column":4},"end":{"line":90,"column":81}},"42":{"start":{"line":92,"column":4},"end":{"line":92,"column":22}},"43":{"start":{"line":96,"column":20},"end":{"line":96,"column":79}},"44":{"start":{"line":97,"column":27},"end":{"line":97,"column":51}},"45":{"start":{"line":98,"column":25},"end":{"line":98,"column":43}},"46":{"start":{"line":100,"column":21},"end":{"line":105,"column":6}},"47":{"start":{"line":107,"column":4},"end":{"line":155,"column":5}},"48":{"start":{"line":108,"column":6},"end":{"line":154,"column":7}},"49":{"start":{"line":110,"column":8},"end":{"line":112,"column":9}},"50":{"start":{"line":111,"column":10},"end":{"line":111,"column":19}},"51":{"start":{"line":115,"column":28},"end":{"line":118,"column":10}},"52":{"start":{"line":120,"column":8},"end":{"line":153,"column":9}},"53":{"start":{"line":122,"column":27},"end":{"line":129,"column":12}},"54":{"start":{"line":131,"column":10},"end":{"line":152,"column":11}},"55":{"start":{"line":133,"column":30},"end":{"line":133,"column":71}},"56":{"start":{"line":134,"column":12},"end":{"line":151,"column":13}},"57":{"start":{"line":135,"column":31},"end":{"line":135,"column":42}},"58":{"start":{"line":136,"column":30},"end":{"line":136,"column":82}},"59":{"start":{"line":139,"column":37},"end":{"line":140,"column":null}},"60":{"start":{"line":140,"column":21},"end":{"line":140,"column":85}},"61":{"start":{"line":143,"column":14},"end":{"line":150,"column":15}},"62":{"start":{"line":144,"column":17},"end":{"line":149,"column":19}},"63":{"start":{"line":157,"column":4},"end":{"line":157,"column":23}},"64":{"start":{"line":161,"column":4},"end":{"line":161,"column":57}},"65":{"start":{"line":165,"column":18},"end":{"line":165,"column":44}},"66":{"start":{"line":166,"column":16},"end":{"line":166,"column":65}},"67":{"start":{"line":167,"column":4},"end":{"line":167,"column":38}},"68":{"start":{"line":171,"column":23},"end":{"line":176,"column":6}},"69":{"start":{"line":178,"column":4},"end":{"line":178,"column":67}},"70":{"start":{"line":178,"column":29},"end":{"line":178,"column":50}},"71":{"start":{"line":178,"column":53},"end":{"line":178,"column":67}},"72":{"start":{"line":179,"column":4},"end":{"line":179,"column":71}},"73":{"start":{"line":179,"column":29},"end":{"line":179,"column":52}},"74":{"start":{"line":179,"column":55},"end":{"line":179,"column":71}},"75":{"start":{"line":180,"column":4},"end":{"line":180,"column":17}},"76":{"start":{"line":188,"column":23},"end":{"line":188,"column":75}},"77":{"start":{"line":190,"column":4},"end":{"line":201,"column":5}},"78":{"start":{"line":191,"column":6},"end":{"line":200,"column":8}},"79":{"start":{"line":203,"column":24},"end":{"line":203,"column":52}},"80":{"start":{"line":205,"column":22},"end":{"line":205,"column":50}},"81":{"start":{"line":206,"column":21},"end":{"line":206,"column":46}},"82":{"start":{"line":207,"column":22},"end":{"line":207,"column":49}},"83":{"start":{"line":208,"column":25},"end":{"line":208,"column":54}},"84":{"start":{"line":210,"column":4},"end":{"line":219,"column":6}},"85":{"start":{"line":226,"column":4},"end":{"line":228,"column":5}},"86":{"start":{"line":227,"column":6},"end":{"line":227,"column":24}},"87":{"start":{"line":230,"column":24},"end":{"line":230,"column":46}},"88":{"start":{"line":231,"column":23},"end":{"line":231,"column":27}},"89":{"start":{"line":234,"column":28},"end":{"line":242,"column":42}},"90":{"start":{"line":240,"column":20},"end":{"line":240,"column":30}},"91":{"start":{"line":241,"column":38},"end":{"line":241,"column":67}},"92":{"start":{"line":242,"column":22},"end":{"line":242,"column":41}},"93":{"start":{"line":244,"column":4},"end":{"line":255,"column":5}},"94":{"start":{"line":246,"column":23},"end":{"line":249,"column":8}},"95":{"start":{"line":251,"column":6},"end":{"line":254,"column":7}},"96":{"start":{"line":252,"column":28},"end":{"line":252,"column":76}},"97":{"start":{"line":253,"column":8},"end":{"line":253,"column":64}},"98":{"start":{"line":257,"column":4},"end":{"line":257,"column":24}},"99":{"start":{"line":264,"column":4},"end":{"line":266,"column":5}},"100":{"start":{"line":265,"column":6},"end":{"line":265,"column":24}},"101":{"start":{"line":268,"column":14},"end":{"line":268,"column":32}},"102":{"start":{"line":271,"column":4},"end":{"line":279,"column":7}},"103":{"start":{"line":272,"column":6},"end":{"line":272,"column":37}},"104":{"start":{"line":274,"column":19},"end":{"line":274,"column":36}},"105":{"start":{"line":275,"column":27},"end":{"line":275,"column":44}},"106":{"start":{"line":276,"column":6},"end":{"line":278,"column":7}},"107":{"start":{"line":277,"column":8},"end":{"line":277,"column":45}},"108":{"start":{"line":281,"column":4},"end":{"line":281,"column":20}},"109":{"start":{"line":288,"column":24},"end":{"line":288,"column":83}},"110":{"start":{"line":288,"column":43},"end":{"line":288,"column":81}},"111":{"start":{"line":290,"column":4},"end":{"line":303,"column":5}},"112":{"start":{"line":292,"column":8},"end":{"line":292,"column":48}},"113":{"start":{"line":293,"column":8},"end":{"line":293,"column":14}},"114":{"start":{"line":295,"column":8},"end":{"line":295,"column":45}},"115":{"start":{"line":296,"column":8},"end":{"line":296,"column":14}},"116":{"start":{"line":298,"column":8},"end":{"line":298,"column":47}},"117":{"start":{"line":299,"column":8},"end":{"line":299,"column":14}},"118":{"start":{"line":301,"column":8},"end":{"line":301,"column":49}},"119":{"start":{"line":302,"column":8},"end":{"line":302,"column":14}},"120":{"start":{"line":310,"column":26},"end":{"line":310,"column":57}},"121":{"start":{"line":310,"column":41},"end":{"line":310,"column":56}},"122":{"start":{"line":312,"column":4},"end":{"line":325,"column":5}},"123":{"start":{"line":314,"column":8},"end":{"line":314,"column":99}},"124":{"start":{"line":314,"column":63},"end":{"line":314,"column":97}},"125":{"start":{"line":315,"column":8},"end":{"line":315,"column":14}},"126":{"start":{"line":317,"column":8},"end":{"line":317,"column":93}},"127":{"start":{"line":317,"column":57},"end":{"line":317,"column":91}},"128":{"start":{"line":318,"column":8},"end":{"line":318,"column":14}},"129":{"start":{"line":320,"column":8},"end":{"line":320,"column":97}},"130":{"start":{"line":320,"column":61},"end":{"line":320,"column":95}},"131":{"start":{"line":321,"column":8},"end":{"line":321,"column":14}},"132":{"start":{"line":323,"column":8},"end":{"line":323,"column":101}},"133":{"start":{"line":323,"column":65},"end":{"line":323,"column":99}},"134":{"start":{"line":324,"column":8},"end":{"line":324,"column":14}},"135":{"start":{"line":332,"column":4},"end":{"line":332,"column":60}},"136":{"start":{"line":332,"column":42},"end":{"line":332,"column":57}},"137":{"start":{"line":346,"column":4},"end":{"line":353,"column":6}},"138":{"start":{"line":357,"column":9},"end":{"line":357,"column":25}}},"fnMap":{"0":{"name":"(anonymous_9)","decl":{"start":{"line":12,"column":2},"end":{"line":12,"column":14}},"loc":{"start":{"line":12,"column":35},"end":{"line":28,"column":3}}},"1":{"name":"(anonymous_10)","decl":{"start":{"line":30,"column":10},"end":{"line":30,"column":26}},"loc":{"start":{"line":30,"column":26},"end":{"line":51,"column":3}}},"2":{"name":"(anonymous_11)","decl":{"start":{"line":40,"column":72},"end":{"line":40,"column":76}},"loc":{"start":{"line":40,"column":81},"end":{"line":40,"column":118}}},"3":{"name":"(anonymous_12)","decl":{"start":{"line":43,"column":66},"end":{"line":43,"column":70}},"loc":{"start":{"line":43,"column":75},"end":{"line":43,"column":112}}},"4":{"name":"(anonymous_13)","decl":{"start":{"line":46,"column":70},"end":{"line":46,"column":74}},"loc":{"start":{"line":46,"column":79},"end":{"line":46,"column":114}}},"5":{"name":"(anonymous_14)","decl":{"start":{"line":49,"column":74},"end":{"line":49,"column":78}},"loc":{"start":{"line":49,"column":83},"end":{"line":49,"column":118}}},"6":{"name":"(anonymous_15)","decl":{"start":{"line":53,"column":10},"end":{"line":53,"column":22}},"loc":{"start":{"line":53,"column":35},"end":{"line":69,"column":3}}},"7":{"name":"(anonymous_16)","decl":{"start":{"line":57,"column":30},"end":{"line":57,"column":31}},"loc":{"start":{"line":57,"column":44},"end":{"line":62,"column":9}}},"8":{"name":"(anonymous_17)","decl":{"start":{"line":71,"column":10},"end":{"line":71,"column":23}},"loc":{"start":{"line":71,"column":36},"end":{"line":93,"column":3}}},"9":{"name":"(anonymous_18)","decl":{"start":{"line":95,"column":10},"end":{"line":95,"column":21}},"loc":{"start":{"line":95,"column":34},"end":{"line":158,"column":3}}},"10":{"name":"(anonymous_19)","decl":{"start":{"line":140,"column":16},"end":{"line":140,"column":17}},"loc":{"start":{"line":140,"column":21},"end":{"line":140,"column":85}}},"11":{"name":"(anonymous_20)","decl":{"start":{"line":160,"column":10},"end":{"line":160,"column":21}},"loc":{"start":{"line":160,"column":36},"end":{"line":162,"column":3}}},"12":{"name":"(anonymous_21)","decl":{"start":{"line":164,"column":10},"end":{"line":164,"column":20}},"loc":{"start":{"line":164,"column":71},"end":{"line":168,"column":3}}},"13":{"name":"(anonymous_22)","decl":{"start":{"line":170,"column":10},"end":{"line":170,"column":34}},"loc":{"start":{"line":170,"column":66},"end":{"line":181,"column":3}}},"14":{"name":"(anonymous_23)","decl":{"start":{"line":178,"column":24},"end":{"line":178,"column":25}},"loc":{"start":{"line":178,"column":29},"end":{"line":178,"column":50}}},"15":{"name":"(anonymous_24)","decl":{"start":{"line":179,"column":24},"end":{"line":179,"column":25}},"loc":{"start":{"line":179,"column":29},"end":{"line":179,"column":52}}},"16":{"name":"(anonymous_25)","decl":{"start":{"line":186,"column":9},"end":{"line":186,"column":14}},"loc":{"start":{"line":186,"column":27},"end":{"line":220,"column":3}}},"17":{"name":"(anonymous_26)","decl":{"start":{"line":225,"column":9},"end":{"line":225,"column":15}},"loc":{"start":{"line":225,"column":28},"end":{"line":258,"column":3}}},"18":{"name":"(anonymous_27)","decl":{"start":{"line":240,"column":11},"end":{"line":240,"column":16}},"loc":{"start":{"line":240,"column":20},"end":{"line":240,"column":30}}},"19":{"name":"(anonymous_28)","decl":{"start":{"line":241,"column":14},"end":{"line":241,"column":15}},"loc":{"start":{"line":241,"column":38},"end":{"line":241,"column":67}}},"20":{"name":"(anonymous_29)","decl":{"start":{"line":242,"column":12},"end":{"line":242,"column":13}},"loc":{"start":{"line":242,"column":22},"end":{"line":242,"column":41}}},"21":{"name":"(anonymous_30)","decl":{"start":{"line":263,"column":9},"end":{"line":263,"column":19}},"loc":{"start":{"line":263,"column":32},"end":{"line":282,"column":3}}},"22":{"name":"(anonymous_31)","decl":{"start":{"line":271,"column":29},"end":{"line":271,"column":30}},"loc":{"start":{"line":271,"column":44},"end":{"line":273,"column":5}}},"23":{"name":"(anonymous_32)","decl":{"start":{"line":273,"column":12},"end":{"line":273,"column":13}},"loc":{"start":{"line":273,"column":27},"end":{"line":279,"column":5}}},"24":{"name":"(anonymous_33)","decl":{"start":{"line":287,"column":9},"end":{"line":287,"column":17}},"loc":{"start":{"line":287,"column":143},"end":{"line":304,"column":3}}},"25":{"name":"(anonymous_34)","decl":{"start":{"line":288,"column":34},"end":{"line":288,"column":38}},"loc":{"start":{"line":288,"column":43},"end":{"line":288,"column":81}}},"26":{"name":"(anonymous_35)","decl":{"start":{"line":309,"column":9},"end":{"line":309,"column":20}},"loc":{"start":{"line":309,"column":98},"end":{"line":326,"column":3}}},"27":{"name":"(anonymous_36)","decl":{"start":{"line":310,"column":36},"end":{"line":310,"column":37}},"loc":{"start":{"line":310,"column":41},"end":{"line":310,"column":56}}},"28":{"name":"(anonymous_37)","decl":{"start":{"line":314,"column":55},"end":{"line":314,"column":59}},"loc":{"start":{"line":314,"column":63},"end":{"line":314,"column":97}}},"29":{"name":"(anonymous_38)","decl":{"start":{"line":317,"column":49},"end":{"line":317,"column":53}},"loc":{"start":{"line":317,"column":57},"end":{"line":317,"column":91}}},"30":{"name":"(anonymous_39)","decl":{"start":{"line":320,"column":53},"end":{"line":320,"column":57}},"loc":{"start":{"line":320,"column":61},"end":{"line":320,"column":95}}},"31":{"name":"(anonymous_40)","decl":{"start":{"line":323,"column":57},"end":{"line":323,"column":61}},"loc":{"start":{"line":323,"column":65},"end":{"line":323,"column":99}}},"32":{"name":"(anonymous_41)","decl":{"start":{"line":331,"column":9},"end":{"line":331,"column":23}},"loc":{"start":{"line":331,"column":39},"end":{"line":333,"column":3}}},"33":{"name":"(anonymous_42)","decl":{"start":{"line":332,"column":37},"end":{"line":332,"column":38}},"loc":{"start":{"line":332,"column":42},"end":{"line":332,"column":57}}},"34":{"name":"(anonymous_43)","decl":{"start":{"line":338,"column":9},"end":{"line":338,"column":17}},"loc":{"start":{"line":338,"column":17},"end":{"line":354,"column":3}}}},"branchMap":{"0":{"loc":{"start":{"line":12,"column":14},"end":{"line":12,"column":35}},"type":"default-arg","locations":[{"start":{"line":12,"column":33},"end":{"line":12,"column":35}}]},"1":{"loc":{"start":{"line":36,"column":21},"end":{"line":36,"column":65}},"type":"binary-expr","locations":[{"start":{"line":36,"column":21},"end":{"line":36,"column":59}},{"start":{"line":36,"column":63},"end":{"line":36,"column":65}}]},"2":{"loc":{"start":{"line":39,"column":4},"end":{"line":41,"column":5}},"type":"if","locations":[{"start":{"line":39,"column":4},"end":{"line":41,"column":5}},{"start":{},"end":{}}]},"3":{"loc":{"start":{"line":42,"column":4},"end":{"line":44,"column":5}},"type":"if","locations":[{"start":{"line":42,"column":4},"end":{"line":44,"column":5}},{"start":{},"end":{}}]},"4":{"loc":{"start":{"line":45,"column":4},"end":{"line":47,"column":5}},"type":"if","locations":[{"start":{"line":45,"column":4},"end":{"line":47,"column":5}},{"start":{},"end":{}}]},"5":{"loc":{"start":{"line":48,"column":4},"end":{"line":50,"column":5}},"type":"if","locations":[{"start":{"line":48,"column":4},"end":{"line":50,"column":5}},{"start":{},"end":{}}]},"6":{"loc":{"start":{"line":56,"column":6},"end":{"line":63,"column":7}},"type":"if","locations":[{"start":{"line":56,"column":6},"end":{"line":63,"column":7}},{"start":{},"end":{}}]},"7":{"loc":{"start":{"line":58,"column":10},"end":{"line":60,"column":11}},"type":"if","locations":[{"start":{"line":58,"column":10},"end":{"line":60,"column":11}},{"start":{},"end":{}}]},"8":{"loc":{"start":{"line":61,"column":46},"end":{"line":61,"column":71}},"type":"binary-expr","locations":[{"start":{"line":61,"column":46},"end":{"line":61,"column":59}},{"start":{"line":61,"column":63},"end":{"line":61,"column":71}}]},"9":{"loc":{"start":{"line":72,"column":4},"end":{"line":74,"column":5}},"type":"if","locations":[{"start":{"line":72,"column":4},"end":{"line":74,"column":5}},{"start":{},"end":{}}]},"10":{"loc":{"start":{"line":110,"column":8},"end":{"line":112,"column":9}},"type":"if","locations":[{"start":{"line":110,"column":8},"end":{"line":112,"column":9}},{"start":{},"end":{}}]},"11":{"loc":{"start":{"line":110,"column":12},"end":{"line":110,"column":72}},"type":"binary-expr","locations":[{"start":{"line":110,"column":12},"end":{"line":110,"column":39}},{"start":{"line":110,"column":43},"end":{"line":110,"column":72}}]},"12":{"loc":{"start":{"line":122,"column":27},"end":{"line":129,"column":12}},"type":"cond-expr","locations":[{"start":{"line":122,"column":53},"end":{"line":126,"column":12}},{"start":{"line":126,"column":14},"end":{"line":129,"column":12}}]},"13":{"loc":{"start":{"line":140,"column":21},"end":{"line":140,"column":85}},"type":"binary-expr","locations":[{"start":{"line":140,"column":21},"end":{"line":140,"column":36}},{"start":{"line":140,"column":40},"end":{"line":140,"column":85}}]},"14":{"loc":{"start":{"line":143,"column":14},"end":{"line":150,"column":15}},"type":"if","locations":[{"start":{"line":143,"column":14},"end":{"line":150,"column":15}},{"start":{},"end":{}}]},"15":{"loc":{"start":{"line":178,"column":4},"end":{"line":178,"column":67}},"type":"if","locations":[{"start":{"line":178,"column":4},"end":{"line":178,"column":67}},{"start":{},"end":{}}]},"16":{"loc":{"start":{"line":179,"column":4},"end":{"line":179,"column":71}},"type":"if","locations":[{"start":{"line":179,"column":4},"end":{"line":179,"column":71}},{"start":{},"end":{}}]},"17":{"loc":{"start":{"line":188,"column":23},"end":{"line":188,"column":75}},"type":"cond-expr","locations":[{"start":{"line":188,"column":50},"end":{"line":188,"column":54}},{"start":{"line":188,"column":57},"end":{"line":188,"column":75}}]},"18":{"loc":{"start":{"line":188,"column":64},"end":{"line":188,"column":74}},"type":"binary-expr","locations":[{"start":{"line":188,"column":64},"end":{"line":188,"column":68}},{"start":{"line":188,"column":72},"end":{"line":188,"column":74}}]},"19":{"loc":{"start":{"line":190,"column":4},"end":{"line":201,"column":5}},"type":"if","locations":[{"start":{"line":190,"column":4},"end":{"line":201,"column":5}},{"start":{},"end":{}}]},"20":{"loc":{"start":{"line":212,"column":17},"end":{"line":212,"column":67}},"type":"binary-expr","locations":[{"start":{"line":212,"column":17},"end":{"line":212,"column":26}},{"start":{"line":212,"column":30},"end":{"line":212,"column":38}},{"start":{"line":212,"column":42},"end":{"line":212,"column":51}},{"start":{"line":212,"column":55},"end":{"line":212,"column":67}}]},"21":{"loc":{"start":{"line":226,"column":4},"end":{"line":228,"column":5}},"type":"if","locations":[{"start":{"line":226,"column":4},"end":{"line":228,"column":5}},{"start":{},"end":{}}]},"22":{"loc":{"start":{"line":226,"column":8},"end":{"line":226,"column":41}},"type":"binary-expr","locations":[{"start":{"line":226,"column":8},"end":{"line":226,"column":13}},{"start":{"line":226,"column":17},"end":{"line":226,"column":41}}]},"23":{"loc":{"start":{"line":227,"column":13},"end":{"line":227,"column":23}},"type":"binary-expr","locations":[{"start":{"line":227,"column":13},"end":{"line":227,"column":17}},{"start":{"line":227,"column":21},"end":{"line":227,"column":23}}]},"24":{"loc":{"start":{"line":264,"column":4},"end":{"line":266,"column":5}},"type":"if","locations":[{"start":{"line":264,"column":4},"end":{"line":266,"column":5}},{"start":{},"end":{}}]},"25":{"loc":{"start":{"line":264,"column":8},"end":{"line":264,"column":41}},"type":"binary-expr","locations":[{"start":{"line":264,"column":8},"end":{"line":264,"column":13}},{"start":{"line":264,"column":17},"end":{"line":264,"column":41}}]},"26":{"loc":{"start":{"line":265,"column":13},"end":{"line":265,"column":23}},"type":"binary-expr","locations":[{"start":{"line":265,"column":13},"end":{"line":265,"column":17}},{"start":{"line":265,"column":21},"end":{"line":265,"column":23}}]},"27":{"loc":{"start":{"line":276,"column":6},"end":{"line":278,"column":7}},"type":"if","locations":[{"start":{"line":276,"column":6},"end":{"line":278,"column":7}},{"start":{},"end":{}}]},"28":{"loc":{"start":{"line":287,"column":97},"end":{"line":287,"column":143}},"type":"default-arg","locations":[{"start":{"line":287,"column":135},"end":{"line":287,"column":143}}]},"29":{"loc":{"start":{"line":290,"column":4},"end":{"line":303,"column":5}},"type":"switch","locations":[{"start":{"line":291,"column":6},"end":{"line":293,"column":14}},{"start":{"line":294,"column":6},"end":{"line":296,"column":14}},{"start":{"line":297,"column":6},"end":{"line":299,"column":14}},{"start":{"line":300,"column":6},"end":{"line":302,"column":14}}]},"30":{"loc":{"start":{"line":312,"column":4},"end":{"line":325,"column":5}},"type":"switch","locations":[{"start":{"line":313,"column":6},"end":{"line":315,"column":14}},{"start":{"line":316,"column":6},"end":{"line":318,"column":14}},{"start":{"line":319,"column":6},"end":{"line":321,"column":14}},{"start":{"line":322,"column":6},"end":{"line":324,"column":14}}]}},"s":{"0":1,"1":46,"2":46,"3":46,"4":46,"5":46,"6":46,"7":46,"8":46,"9":46,"10":46,"11":46,"12":46,"13":46,"14":1,"15":1,"16":46,"17":1,"18":1,"19":46,"20":1,"21":1,"22":46,"23":1,"24":1,"25":184,"26":184,"27":184,"28":184,"29":33028,"30":0,"31":33028,"32":0,"33":0,"34":0,"35":52,"36":0,"37":52,"38":52,"39":52,"40":728,"41":52,"42":52,"43":52,"44":52,"45":52,"46":52,"47":52,"48":208,"49":37355,"50":257,"51":37098,"52":37098,"53":74196,"54":74196,"55":149820,"56":149820,"57":111,"58":111,"59":111,"60":89,"61":111,"62":32,"63":52,"64":149836,"65":111,"66":111,"67":111,"68":30,"69":30,"70":22,"71":3,"72":27,"73":18,"74":10,"75":17,"76":33,"77":33,"78":3,"79":30,"80":30,"81":30,"82":30,"83":30,"84":30,"85":25,"86":3,"87":22,"88":22,"89":22,"90":10,"91":10,"92":0,"93":22,"94":8,"95":8,"96":16,"97":16,"98":22,"99":6,"100":3,"101":3,"102":3,"103":31,"104":16,"105":16,"106":16,"107":3,"108":3,"109":23,"110":25,"111":23,"112":14,"113":14,"114":3,"115":3,"116":4,"117":4,"118":2,"119":2,"120":6,"121":6,"122":6,"123":3,"124":729,"125":3,"126":1,"127":154,"128":1,"129":1,"130":132,"131":1,"132":1,"133":193,"134":1,"135":4,"136":4,"137":11,"138":1},"f":{"0":46,"1":46,"2":1,"3":1,"4":1,"5":1,"6":184,"7":33028,"8":52,"9":52,"10":89,"11":149836,"12":111,"13":30,"14":22,"15":18,"16":33,"17":25,"18":10,"19":10,"20":0,"21":6,"22":31,"23":16,"24":23,"25":25,"26":6,"27":6,"28":729,"29":154,"30":132,"31":193,"32":4,"33":4,"34":11},"b":{"0":[41],"1":[46,0],"2":[1,45],"3":[1,45],"4":[1,45],"5":[1,45],"6":[184,0],"7":[0,33028],"8":[33028,0],"9":[0,52],"10":[257,37098],"11":[37355,36636],"12":[1428,72768],"13":[89,89],"14":[32,79],"15":[3,27],"16":[10,17],"17":[30,3],"18":[3,2],"19":[3,30],"20":[30,13,12,10],"21":[3,22],"22":[25,22],"23":[3,3],"24":[3,3],"25":[6,3],"26":[3,3],"27":[3,13],"28":[17],"29":[14,3,4,2],"30":[3,1,1,1]}}
}
