TN:
SF:src/profanityChecker.ts
FN:12,(anonymous_9)
FN:30,(anonymous_10)
FN:40,(anonymous_11)
FN:43,(anonymous_12)
FN:46,(anonymous_13)
FN:49,(anonymous_14)
FN:53,(anonymous_15)
FN:57,(anonymous_16)
FN:71,(anonymous_17)
FN:95,(anonymous_18)
FN:140,(anonymous_19)
FN:160,(anonymous_20)
FN:164,(anonymous_21)
FN:170,(anonymous_22)
FN:178,(anonymous_23)
FN:179,(anonymous_24)
FN:186,(anonymous_25)
FN:225,(anonymous_26)
FN:240,(anonymous_27)
FN:241,(anonymous_28)
FN:242,(anonymous_29)
FN:263,(anonymous_30)
FN:271,(anonymous_31)
FN:273,(anonymous_32)
FN:287,(anonymous_33)
FN:288,(anonymous_34)
FN:309,(anonymous_35)
FN:310,(anonymous_36)
FN:314,(anonymous_37)
FN:317,(anonymous_38)
FN:320,(anonymous_39)
FN:323,(anonymous_40)
FN:331,(anonymous_41)
FN:332,(anonymous_42)
FN:338,(anonymous_43)
FNF:35
FNH:34
FNDA:46,(anonymous_9)
FNDA:46,(anonymous_10)
FNDA:1,(anonymous_11)
FNDA:1,(anonymous_12)
FNDA:1,(anonymous_13)
FNDA:1,(anonymous_14)
FNDA:184,(anonymous_15)
FNDA:33028,(anonymous_16)
FNDA:52,(anonymous_17)
FNDA:52,(anonymous_18)
FNDA:89,(anonymous_19)
FNDA:149836,(anonymous_20)
FNDA:111,(anonymous_21)
FNDA:30,(anonymous_22)
FNDA:22,(anonymous_23)
FNDA:18,(anonymous_24)
FNDA:33,(anonymous_25)
FNDA:25,(anonymous_26)
FNDA:10,(anonymous_27)
FNDA:10,(anonymous_28)
FNDA:0,(anonymous_29)
FNDA:6,(anonymous_30)
FNDA:31,(anonymous_31)
FNDA:16,(anonymous_32)
FNDA:23,(anonymous_33)
FNDA:25,(anonymous_34)
FNDA:6,(anonymous_35)
FNDA:6,(anonymous_36)
FNDA:729,(anonymous_37)
FNDA:154,(anonymous_38)
FNDA:132,(anonymous_39)
FNDA:193,(anonymous_40)
FNDA:4,(anonymous_41)
FNDA:4,(anonymous_42)
FNDA:11,(anonymous_43)
DA:1,1
DA:5,46
DA:6,46
DA:7,46
DA:8,46
DA:9,46
DA:13,46
DA:27,46
DA:32,46
DA:33,46
DA:34,46
DA:35,46
DA:36,46
DA:39,46
DA:40,1
DA:42,46
DA:43,1
DA:45,46
DA:46,1
DA:48,46
DA:49,1
DA:54,184
DA:55,184
DA:56,184
DA:57,184
DA:58,33028
DA:59,0
DA:61,33028
DA:64,0
DA:66,0
DA:67,0
DA:72,52
DA:73,0
DA:76,52
DA:79,52
DA:85,52
DA:86,728
DA:90,52
DA:92,52
DA:96,52
DA:97,52
DA:98,52
DA:100,52
DA:107,52
DA:108,208
DA:110,37355
DA:111,257
DA:115,37098
DA:120,37098
DA:122,74196
DA:131,74196
DA:133,149820
DA:134,149820
DA:135,111
DA:136,111
DA:139,111
DA:140,89
DA:143,111
DA:144,32
DA:157,52
DA:161,149836
DA:165,111
DA:166,111
DA:167,111
DA:171,30
DA:178,30
DA:179,27
DA:180,17
DA:188,33
DA:190,33
DA:191,3
DA:203,30
DA:205,30
DA:206,30
DA:207,30
DA:208,30
DA:210,30
DA:226,25
DA:227,3
DA:230,22
DA:231,22
DA:234,22
DA:240,10
DA:241,10
DA:242,0
DA:244,22
DA:246,8
DA:251,8
DA:252,16
DA:253,16
DA:257,22
DA:264,6
DA:265,3
DA:268,3
DA:271,3
DA:272,31
DA:274,16
DA:275,16
DA:276,16
DA:277,3
DA:281,3
DA:288,25
DA:290,23
DA:292,14
DA:293,14
DA:295,3
DA:296,3
DA:298,4
DA:299,4
DA:301,2
DA:302,2
DA:310,6
DA:312,6
DA:314,729
DA:315,3
DA:317,154
DA:318,1
DA:320,132
DA:321,1
DA:323,193
DA:324,1
DA:332,4
DA:346,11
DA:357,1
LF:124
LH:118
BRDA:12,0,0,41
BRDA:36,1,0,46
BRDA:36,1,1,0
BRDA:39,2,0,1
BRDA:39,2,1,45
BRDA:42,3,0,1
BRDA:42,3,1,45
BRDA:45,4,0,1
BRDA:45,4,1,45
BRDA:48,5,0,1
BRDA:48,5,1,45
BRDA:56,6,0,184
BRDA:56,6,1,0
BRDA:58,7,0,0
BRDA:58,7,1,33028
BRDA:61,8,0,33028
BRDA:61,8,1,0
BRDA:72,9,0,0
BRDA:72,9,1,52
BRDA:110,10,0,257
BRDA:110,10,1,37098
BRDA:110,11,0,37355
BRDA:110,11,1,36636
BRDA:122,12,0,1428
BRDA:122,12,1,72768
BRDA:140,13,0,89
BRDA:140,13,1,89
BRDA:143,14,0,32
BRDA:143,14,1,79
BRDA:178,15,0,3
BRDA:178,15,1,27
BRDA:179,16,0,10
BRDA:179,16,1,17
BRDA:188,17,0,30
BRDA:188,17,1,3
BRDA:188,18,0,3
BRDA:188,18,1,2
BRDA:190,19,0,3
BRDA:190,19,1,30
BRDA:212,20,0,30
BRDA:212,20,1,13
BRDA:212,20,2,12
BRDA:212,20,3,10
BRDA:226,21,0,3
BRDA:226,21,1,22
BRDA:226,22,0,25
BRDA:226,22,1,22
BRDA:227,23,0,3
BRDA:227,23,1,3
BRDA:264,24,0,3
BRDA:264,24,1,3
BRDA:264,25,0,6
BRDA:264,25,1,3
BRDA:265,26,0,3
BRDA:265,26,1,3
BRDA:276,27,0,3
BRDA:276,27,1,13
BRDA:287,28,0,17
BRDA:290,29,0,14
BRDA:290,29,1,3
BRDA:290,29,2,4
BRDA:290,29,3,2
BRDA:312,30,0,3
BRDA:312,30,1,1
BRDA:312,30,2,1
BRDA:312,30,3,1
BRF:66
BRH:61
end_of_record
